src/tokenizer.rs:100:9: 100:17 error: cannot assign to `from` because it is borrowed
src/tokenizer.rs:100         from = i;
                             ^~~~~~~~
src/tokenizer.rs:72:16: 79:6 note: borrow of `from` occurs here
src/tokenizer.rs:72     let make = |ttype: TokenType, value: String| {
src/tokenizer.rs:73         Token {
src/tokenizer.rs:74             token_type: ttype,
src/tokenizer.rs:75             value: value.as_slice(),
src/tokenizer.rs:76             from: from,
src/tokenizer.rs:77             to: i
                    ...
src/tokenizer.rs:104:12: 104:13 error: use of possibly uninitialized variable: `c`
src/tokenizer.rs:104         if c <= ' ' {
                                ^
src/tokenizer.rs:105:13: 105:19 error: cannot assign to `i` because it is borrowed
src/tokenizer.rs:105             i += 1;
                                 ^~~~~~
src/tokenizer.rs:72:16: 79:6 note: borrow of `i` occurs here
src/tokenizer.rs:72     let make = |ttype: TokenType, value: String| {
src/tokenizer.rs:73         Token {
src/tokenizer.rs:74             token_type: ttype,
src/tokenizer.rs:75             value: value.as_slice(),
src/tokenizer.rs:76             from: from,
src/tokenizer.rs:77             to: i
                    ...
src/tokenizer.rs:108:20: 108:21 error: use of possibly uninitialized variable: `c`
src/tokenizer.rs:108         } else if (c >= 'a' && c <= 'z') || (c >= 'A' && c <= 'Z') {
                                        ^
src/tokenizer.rs:108:32: 108:33 error: use of possibly uninitialized variable: `c`
src/tokenizer.rs:108         } else if (c >= 'a' && c <= 'z') || (c >= 'A' && c <= 'Z') {
                                                    ^
src/tokenizer.rs:108:46: 108:47 error: use of possibly uninitialized variable: `c`
src/tokenizer.rs:108         } else if (c >= 'a' && c <= 'z') || (c >= 'A' && c <= 'Z') {
                                                                  ^
src/tokenizer.rs:108:58: 108:59 error: use of possibly uninitialized variable: `c`
src/tokenizer.rs:108         } else if (c >= 'a' && c <= 'z') || (c >= 'A' && c <= 'Z') {
                                                                              ^
src/tokenizer.rs:109:43: 109:44 error: use of possibly uninitialized variable: `c`
src/tokenizer.rs:109             strval = String::from_char(1, c);
                                                               ^
src/tokenizer.rs:110:13: 110:19 error: cannot assign to `i` because it is borrowed
src/tokenizer.rs:110             i += 1;
                                 ^~~~~~
src/tokenizer.rs:72:16: 79:6 note: borrow of `i` occurs here
src/tokenizer.rs:72     let make = |ttype: TokenType, value: String| {
src/tokenizer.rs:73         Token {
src/tokenizer.rs:74             token_type: ttype,
src/tokenizer.rs:75             value: value.as_slice(),
src/tokenizer.rs:76             from: from,
src/tokenizer.rs:77             to: i
                    ...
src/tokenizer.rs:113:21: 113:22 error: use of possibly uninitialized variable: `c`
src/tokenizer.rs:113                 if (c >= 'a' && c <= 'z') || (c >= 'A' && c <= 'Z') ||
                                         ^
src/tokenizer.rs:113:33: 113:34 error: use of possibly uninitialized variable: `c`
src/tokenizer.rs:113                 if (c >= 'a' && c <= 'z') || (c >= 'A' && c <= 'Z') ||
                                                     ^
src/tokenizer.rs:113:47: 113:48 error: use of possibly uninitialized variable: `c`
src/tokenizer.rs:113                 if (c >= 'a' && c <= 'z') || (c >= 'A' && c <= 'Z') ||
                                                                   ^
src/tokenizer.rs:113:59: 113:60 error: use of possibly uninitialized variable: `c`
src/tokenizer.rs:113                 if (c >= 'a' && c <= 'z') || (c >= 'A' && c <= 'Z') ||
                                                                               ^
src/tokenizer.rs:114:22: 114:23 error: use of possibly uninitialized variable: `c`
src/tokenizer.rs:114                     (c >= '0' && c <= '9') || c == '_' {
                                          ^
src/tokenizer.rs:114:34: 114:35 error: use of possibly uninitialized variable: `c`
src/tokenizer.rs:114                     (c >= '0' && c <= '9') || c == '_' {
                                                      ^
src/tokenizer.rs:114:47: 114:48 error: use of possibly uninitialized variable: `c`
src/tokenizer.rs:114                     (c >= '0' && c <= '9') || c == '_' {
                                                                   ^
src/tokenizer.rs:115:33: 115:34 error: use of possibly uninitialized variable: `c`
src/tokenizer.rs:115                     strval.push(c);
                                                     ^
src/tokenizer.rs:116:21: 116:27 error: cannot assign to `i` because it is borrowed
src/tokenizer.rs:116                     i += 1;
                                         ^~~~~~
src/tokenizer.rs:72:16: 79:6 note: borrow of `i` occurs here
src/tokenizer.rs:72     let make = |ttype: TokenType, value: String| {
src/tokenizer.rs:73         Token {
src/tokenizer.rs:74             token_type: ttype,
src/tokenizer.rs:75             value: value.as_slice(),
src/tokenizer.rs:76             from: from,
src/tokenizer.rs:77             to: i
                    ...
src/tokenizer.rs:128:19: 128:20 error: use of possibly uninitialized variable: `c`
src/tokenizer.rs:128         } else if c >= '0' && c <= '9' {
                                       ^
src/tokenizer.rs:128:31: 128:32 error: use of possibly uninitialized variable: `c`
src/tokenizer.rs:128         } else if c >= '0' && c <= '9' {
                                                   ^
src/tokenizer.rs:129:43: 129:44 error: use of possibly uninitialized variable: `c`
src/tokenizer.rs:129             strval = String::from_char(1, c);
                                                               ^
src/tokenizer.rs:130:13: 130:19 error: cannot assign to `i` because it is borrowed
src/tokenizer.rs:130             i += 1;
                                 ^~~~~~
src/tokenizer.rs:72:16: 79:6 note: borrow of `i` occurs here
src/tokenizer.rs:72     let make = |ttype: TokenType, value: String| {
src/tokenizer.rs:73         Token {
src/tokenizer.rs:74             token_type: ttype,
src/tokenizer.rs:75             value: value.as_slice(),
src/tokenizer.rs:76             from: from,
src/tokenizer.rs:77             to: i
                    ...
src/tokenizer.rs:136:20: 136:21 error: use of possibly uninitialized variable: `c`
src/tokenizer.rs:136                 if c < '0' || c > '9' {
                                        ^
src/tokenizer.rs:136:31: 136:32 error: use of possibly uninitialized variable: `c`
src/tokenizer.rs:136                 if c < '0' || c > '9' {
                                                   ^
src/tokenizer.rs:139:17: 139:23 error: cannot assign to `i` because it is borrowed
src/tokenizer.rs:139                 i += 1;
                                     ^~~~~~
src/tokenizer.rs:72:16: 79:6 note: borrow of `i` occurs here
src/tokenizer.rs:72     let make = |ttype: TokenType, value: String| {
src/tokenizer.rs:73         Token {
src/tokenizer.rs:74             token_type: ttype,
src/tokenizer.rs:75             value: value.as_slice(),
src/tokenizer.rs:76             from: from,
src/tokenizer.rs:77             to: i
                    ...
src/tokenizer.rs:140:29: 140:30 error: use of possibly uninitialized variable: `c`
src/tokenizer.rs:140                 strval.push(c);
                                                 ^
src/tokenizer.rs:145:16: 145:17 error: use of possibly uninitialized variable: `c`
src/tokenizer.rs:145             if c == '.' {
                                    ^
src/tokenizer.rs:146:17: 146:23 error: cannot assign to `i` because it is borrowed
src/tokenizer.rs:146                 i += 1;
                                     ^~~~~~
src/tokenizer.rs:72:16: 79:6 note: borrow of `i` occurs here
src/tokenizer.rs:72     let make = |ttype: TokenType, value: String| {
src/tokenizer.rs:73         Token {
src/tokenizer.rs:74             token_type: ttype,
src/tokenizer.rs:75             value: value.as_slice(),
src/tokenizer.rs:76             from: from,
src/tokenizer.rs:77             to: i
                    ...
src/tokenizer.rs:147:29: 147:30 error: use of possibly uninitialized variable: `c`
src/tokenizer.rs:147                 strval.push(c);
                                                 ^
src/tokenizer.rs:150:24: 150:25 error: use of possibly uninitialized variable: `c`
src/tokenizer.rs:150                     if c < '0' || c > '9' {
                                            ^
src/tokenizer.rs:150:35: 150:36 error: use of possibly uninitialized variable: `c`
src/tokenizer.rs:150                     if c < '0' || c > '9' {
                                                       ^
src/tokenizer.rs:153:21: 153:27 error: cannot assign to `i` because it is borrowed
src/tokenizer.rs:153                     i += 1;
                                         ^~~~~~
src/tokenizer.rs:72:16: 79:6 note: borrow of `i` occurs here
src/tokenizer.rs:72     let make = |ttype: TokenType, value: String| {
src/tokenizer.rs:73         Token {
src/tokenizer.rs:74             token_type: ttype,
src/tokenizer.rs:75             value: value.as_slice(),
src/tokenizer.rs:76             from: from,
src/tokenizer.rs:77             to: i
                    ...
src/tokenizer.rs:154:33: 154:34 error: use of possibly uninitialized variable: `c`
src/tokenizer.rs:154                     strval.push(c);
                                                     ^
src/tokenizer.rs:160:16: 160:17 error: use of possibly uninitialized variable: `c`
src/tokenizer.rs:160             if c == 'e' || c == 'E' {
                                    ^
src/tokenizer.rs:160:28: 160:29 error: use of possibly uninitialized variable: `c`
src/tokenizer.rs:160             if c == 'e' || c == 'E' {
                                                ^
src/tokenizer.rs:161:17: 161:23 error: cannot assign to `i` because it is borrowed
src/tokenizer.rs:161                 i += 1;
                                     ^~~~~~
src/tokenizer.rs:72:16: 79:6 note: borrow of `i` occurs here
src/tokenizer.rs:72     let make = |ttype: TokenType, value: String| {
src/tokenizer.rs:73         Token {
src/tokenizer.rs:74             token_type: ttype,
src/tokenizer.rs:75             value: value.as_slice(),
src/tokenizer.rs:76             from: from,
src/tokenizer.rs:77             to: i
                    ...
src/tokenizer.rs:162:29: 162:30 error: use of possibly uninitialized variable: `c`
src/tokenizer.rs:162                 strval.push(c);
                                                 ^
src/tokenizer.rs:164:20: 164:21 error: use of possibly uninitialized variable: `c`
src/tokenizer.rs:164                 if c == '-' || c == '+' {
                                        ^
src/tokenizer.rs:164:32: 164:33 error: use of possibly uninitialized variable: `c`
src/tokenizer.rs:164                 if c == '-' || c == '+' {
                                                    ^
src/tokenizer.rs:165:21: 165:27 error: cannot assign to `i` because it is borrowed
src/tokenizer.rs:165                     i += 1;
                                         ^~~~~~
src/tokenizer.rs:72:16: 79:6 note: borrow of `i` occurs here
src/tokenizer.rs:72     let make = |ttype: TokenType, value: String| {
src/tokenizer.rs:73         Token {
src/tokenizer.rs:74             token_type: ttype,
src/tokenizer.rs:75             value: value.as_slice(),
src/tokenizer.rs:76             from: from,
src/tokenizer.rs:77             to: i
                    ...
src/tokenizer.rs:166:33: 166:34 error: use of possibly uninitialized variable: `c`
src/tokenizer.rs:166                     strval.push(c);
                                                     ^
src/tokenizer.rs:169:20: 169:21 error: use of possibly uninitialized variable: `c`
src/tokenizer.rs:169                 if c < '0' || c > '9' {
                                        ^
src/tokenizer.rs:169:31: 169:32 error: use of possibly uninitialized variable: `c`
src/tokenizer.rs:169                 if c < '0' || c > '9' {
                                                   ^
src/tokenizer.rs:172:24: 172:25 error: use of possibly uninitialized variable: `c`
src/tokenizer.rs:172                 while (c >= '0' && c <= '9') || i == 0 {
                                            ^
src/tokenizer.rs:172:36: 172:37 error: use of possibly uninitialized variable: `c`
src/tokenizer.rs:172                 while (c >= '0' && c <= '9') || i == 0 {
                                                        ^
src/tokenizer.rs:173:21: 173:27 error: cannot assign to `i` because it is borrowed
src/tokenizer.rs:173                     i += 1;
                                         ^~~~~~
src/tokenizer.rs:72:16: 79:6 note: borrow of `i` occurs here
src/tokenizer.rs:72     let make = |ttype: TokenType, value: String| {
src/tokenizer.rs:73         Token {
src/tokenizer.rs:74             token_type: ttype,
src/tokenizer.rs:75             value: value.as_slice(),
src/tokenizer.rs:76             from: from,
src/tokenizer.rs:77             to: i
                    ...
src/tokenizer.rs:174:33: 174:34 error: use of possibly uninitialized variable: `c`
src/tokenizer.rs:174                     strval.push(c);
                                                     ^
src/tokenizer.rs:181:16: 181:17 error: use of possibly uninitialized variable: `c`
src/tokenizer.rs:181             if c >= 'a' && c <= 'z' {
                                    ^
src/tokenizer.rs:181:28: 181:29 error: use of possibly uninitialized variable: `c`
src/tokenizer.rs:181             if c >= 'a' && c <= 'z' {
                                                ^
src/tokenizer.rs:182:29: 182:30 error: use of possibly uninitialized variable: `c`
src/tokenizer.rs:182                 strval.push(c);
                                                 ^
src/tokenizer.rs:183:17: 183:23 error: cannot assign to `i` because it is borrowed
src/tokenizer.rs:183                 i += 1;
                                     ^~~~~~
src/tokenizer.rs:72:16: 79:6 note: borrow of `i` occurs here
src/tokenizer.rs:72     let make = |ttype: TokenType, value: String| {
src/tokenizer.rs:73         Token {
src/tokenizer.rs:74             token_type: ttype,
src/tokenizer.rs:75             value: value.as_slice(),
src/tokenizer.rs:76             from: from,
src/tokenizer.rs:77             to: i
                    ...
src/tokenizer.rs:194:19: 194:20 error: use of possibly uninitialized variable: `c`
src/tokenizer.rs:194         } else if c == '\"' || c == '\'' {
                                       ^
src/tokenizer.rs:194:32: 194:33 error: use of possibly uninitialized variable: `c`
src/tokenizer.rs:194         } else if c == '\"' || c == '\'' {
                                                    ^
src/tokenizer.rs:196:17: 196:18 error: use of possibly uninitialized variable: `c`
src/tokenizer.rs:196             q = c;
                                     ^
src/tokenizer.rs:197:13: 197:19 error: cannot assign to `i` because it is borrowed
src/tokenizer.rs:197             i += 1;
                                 ^~~~~~
src/tokenizer.rs:72:16: 79:6 note: borrow of `i` occurs here
src/tokenizer.rs:72     let make = |ttype: TokenType, value: String| {
src/tokenizer.rs:73         Token {
src/tokenizer.rs:74             token_type: ttype,
src/tokenizer.rs:75             value: value.as_slice(),
src/tokenizer.rs:76             from: from,
src/tokenizer.rs:77             to: i
                    ...
src/tokenizer.rs:200:21: 200:22 error: use of possibly uninitialized variable: `c`
src/tokenizer.rs:200                 if (c < ' ') {
                                         ^
src/tokenizer.rs:201:31: 201:32 error: use of possibly uninitialized variable: `c`
src/tokenizer.rs:201                     panic!(if c == '\n' || c == '\r' {
                                                   ^
<std macros>:1:1: 34:2 note: in expansion of panic!
src/tokenizer.rs:201:21: 205:50 note: expansion site
src/tokenizer.rs:201:44: 201:45 error: use of possibly uninitialized variable: `c`
src/tokenizer.rs:201                     panic!(if c == '\n' || c == '\r' {
                                                                ^
<std macros>:1:1: 34:2 note: in expansion of panic!
src/tokenizer.rs:201:21: 205:50 note: expansion site
src/tokenizer.rs:210:20: 210:21 error: use of possibly uninitialized variable: `c`
src/tokenizer.rs:210                 if c == q {
                                        ^
src/tokenizer.rs:216:20: 216:21 error: use of possibly uninitialized variable: `c`
src/tokenizer.rs:216                 if c == '\\' {
                                        ^
src/tokenizer.rs:217:21: 217:27 error: cannot assign to `i` because it is borrowed
src/tokenizer.rs:217                     i += 1;
                                         ^~~~~~
src/tokenizer.rs:72:16: 79:6 note: borrow of `i` occurs here
src/tokenizer.rs:72     let make = |ttype: TokenType, value: String| {
src/tokenizer.rs:73         Token {
src/tokenizer.rs:74             token_type: ttype,
src/tokenizer.rs:75             value: value.as_slice(),
src/tokenizer.rs:76             from: from,
src/tokenizer.rs:77             to: i
                    ...
src/tokenizer.rs:222:27: 222:28 error: use of possibly uninitialized variable: `c`
src/tokenizer.rs:222                     match c {
                                               ^
src/tokenizer.rs:226:37: 226:38 error: use of possibly uninitialized variable: `c`
src/tokenizer.rs:226                         _   => (c = c)
                                                         ^
src/tokenizer.rs:229:29: 229:30 error: use of possibly uninitialized variable: `c`
src/tokenizer.rs:229                 strval.push(c);
                                                 ^
src/tokenizer.rs:230:17: 230:23 error: cannot assign to `i` because it is borrowed
src/tokenizer.rs:230                 i += 1;
                                     ^~~~~~
src/tokenizer.rs:72:16: 79:6 note: borrow of `i` occurs here
src/tokenizer.rs:72     let make = |ttype: TokenType, value: String| {
src/tokenizer.rs:73         Token {
src/tokenizer.rs:74             token_type: ttype,
src/tokenizer.rs:75             value: value.as_slice(),
src/tokenizer.rs:76             from: from,
src/tokenizer.rs:77             to: i
                    ...
src/tokenizer.rs:232:13: 232:19 error: cannot assign to `i` because it is borrowed
src/tokenizer.rs:232             i += 1;
                                 ^~~~~~
src/tokenizer.rs:72:16: 79:6 note: borrow of `i` occurs here
src/tokenizer.rs:72     let make = |ttype: TokenType, value: String| {
src/tokenizer.rs:73         Token {
src/tokenizer.rs:74             token_type: ttype,
src/tokenizer.rs:75             value: value.as_slice(),
src/tokenizer.rs:76             from: from,
src/tokenizer.rs:77             to: i
                    ...
src/tokenizer.rs:238:19: 238:20 error: use of possibly uninitialized variable: `c`
src/tokenizer.rs:238         } else if c == '/' && string[i + 1] == '/' {
                                       ^
src/tokenizer.rs:239:13: 239:19 error: cannot assign to `i` because it is borrowed
src/tokenizer.rs:239             i += 1;
                                 ^~~~~~
src/tokenizer.rs:72:16: 79:6 note: borrow of `i` occurs here
src/tokenizer.rs:72     let make = |ttype: TokenType, value: String| {
src/tokenizer.rs:73         Token {
src/tokenizer.rs:74             token_type: ttype,
src/tokenizer.rs:75             value: value.as_slice(),
src/tokenizer.rs:76             from: from,
src/tokenizer.rs:77             to: i
                    ...
src/tokenizer.rs:242:20: 242:21 error: use of possibly uninitialized variable: `c`
src/tokenizer.rs:242                 if c == '\n' || c == '\r' {
                                        ^
src/tokenizer.rs:242:33: 242:34 error: use of possibly uninitialized variable: `c`
src/tokenizer.rs:242                 if c == '\n' || c == '\r' {
                                                     ^
src/tokenizer.rs:245:17: 245:23 error: cannot assign to `i` because it is borrowed
src/tokenizer.rs:245                 i += 1;
                                     ^~~~~~
src/tokenizer.rs:72:16: 79:6 note: borrow of `i` occurs here
src/tokenizer.rs:72     let make = |ttype: TokenType, value: String| {
src/tokenizer.rs:73         Token {
src/tokenizer.rs:74             token_type: ttype,
src/tokenizer.rs:75             value: value.as_slice(),
src/tokenizer.rs:76             from: from,
src/tokenizer.rs:77             to: i
                    ...
src/tokenizer.rs:250:29: 250:30 error: use of possibly uninitialized variable: `c`
src/tokenizer.rs:250         } else if (index_of(c, prefix) >= 0) {
                                                 ^
src/tokenizer.rs:251:43: 251:44 error: use of possibly uninitialized variable: `c`
src/tokenizer.rs:251             strval = String::from_char(1, c);
                                                               ^
src/tokenizer.rs:252:13: 252:19 error: cannot assign to `i` because it is borrowed
src/tokenizer.rs:252             i += 1;
                                 ^~~~~~
src/tokenizer.rs:72:16: 79:6 note: borrow of `i` occurs here
src/tokenizer.rs:72     let make = |ttype: TokenType, value: String| {
src/tokenizer.rs:73         Token {
src/tokenizer.rs:74             token_type: ttype,
src/tokenizer.rs:75             value: value.as_slice(),
src/tokenizer.rs:76             from: from,
src/tokenizer.rs:77             to: i
                    ...
src/tokenizer.rs:255:44: 255:45 error: use of possibly uninitialized variable: `c`
src/tokenizer.rs:255                 if i >= length || index_of(c, suffix) < 0 {
                                                                ^
src/tokenizer.rs:258:29: 258:30 error: use of possibly uninitialized variable: `c`
src/tokenizer.rs:258                 strval.push(c);
                                                 ^
src/tokenizer.rs:259:17: 259:23 error: cannot assign to `i` because it is borrowed
src/tokenizer.rs:259                 i += 1;
                                     ^~~~~~
src/tokenizer.rs:72:16: 79:6 note: borrow of `i` occurs here
src/tokenizer.rs:72     let make = |ttype: TokenType, value: String| {
src/tokenizer.rs:73         Token {
src/tokenizer.rs:74             token_type: ttype,
src/tokenizer.rs:75             value: value.as_slice(),
src/tokenizer.rs:76             from: from,
src/tokenizer.rs:77             to: i
                    ...
src/tokenizer.rs:266:13: 266:19 error: cannot assign to `i` because it is borrowed
src/tokenizer.rs:266             i += 1;
                                 ^~~~~~
src/tokenizer.rs:72:16: 79:6 note: borrow of `i` occurs here
src/tokenizer.rs:72     let make = |ttype: TokenType, value: String| {
src/tokenizer.rs:73         Token {
src/tokenizer.rs:74             token_type: ttype,
src/tokenizer.rs:75             value: value.as_slice(),
src/tokenizer.rs:76             from: from,
src/tokenizer.rs:77             to: i
                    ...
src/tokenizer.rs:267:72: 267:73 error: use of possibly uninitialized variable: `c`
src/tokenizer.rs:267             result.push(make(TokenType::Operator, String::from_char(1, c)));
                                                                                            ^
src/tokenizer.rs:75:20: 75:25 error: `value` does not live long enough
src/tokenizer.rs:75             value: value.as_slice(),
                                       ^~~~~
note: reference must be valid for the static lifetime...
src/tokenizer.rs:72:50: 79:6 note: ...but borrowed value is only valid for the block at 72:49
src/tokenizer.rs:72     let make = |ttype: TokenType, value: String| {
src/tokenizer.rs:73         Token {
src/tokenizer.rs:74             token_type: ttype,
src/tokenizer.rs:75             value: value.as_slice(),
src/tokenizer.rs:76             from: from,
src/tokenizer.rs:77             to: i
                    ...
error: aborting due to 80 previous errors
